<?xml version="1.0" encoding="UTF-8"?>
<!-- Generated by org.testng.reporters.JUnitXMLReporter -->
<testsuite ignored="2" hostname="LAPTOP-KNN2HC50" failures="0" tests="1" name="Default test" time="5.59" errors="0" timestamp="2024-09-24T00:17:25 EEST">
  <testcase classname="test_ItemPage.itemPageCompTest" name="checkBackToProductsBtnFunctionallity" time="0.772"/>
  <testcase classname="test_ItemPage.itemPageCompTest" name="checkItemDetails" time="0.0">
    <ignored/>
  </testcase> <!-- checkItemDetails -->
  <testcase classname="test_ItemPage.itemPageCompTest" name="testAddRemoveItemFromCart" time="0.0">
    <ignored/>
  </testcase> <!-- testAddRemoveItemFromCart -->
</testsuite> <!-- Default test -->
