<?xml version="1.0" encoding="UTF-8"?>
<testng-results ignored="0" total="1" passed="1" failed="0" skipped="0">
  <reporter-output>
  </reporter-output>
  <suite started-at="2024-09-30T18:33:00 EEST" name="Default suite" finished-at="2024-09-30T18:33:09 EEST" duration-ms="9151">
    <groups>
    </groups>
    <test started-at="2024-09-30T18:33:00 EEST" name="Default test" finished-at="2024-09-30T18:33:09 EEST" duration-ms="9151">
      <class name="facebook.FacebookLoginTest">
        <test-method is-config="true" signature="setUp()[pri:0, instance:facebook.FacebookLoginTest@4c2cc639]" started-at="2024-09-30T18:33:00 EEST" name="setUp" finished-at="2024-09-30T18:33:02 EEST" duration-ms="1777" status="PASS">
          <reporter-output>
          </reporter-output>
        </test-method> <!-- setUp -->
        <test-method signature="testFacebookLogin()[pri:0, instance:facebook.FacebookLoginTest@4c2cc639]" started-at="2024-09-30T18:33:02 EEST" name="testFacebookLogin" finished-at="2024-09-30T18:33:09 EEST" duration-ms="7055" status="PASS">
          <reporter-output>
          </reporter-output>
        </test-method> <!-- testFacebookLogin -->
        <test-method is-config="true" signature="tearDown()[pri:0, instance:facebook.FacebookLoginTest@4c2cc639]" started-at="2024-09-30T18:33:09 EEST" name="tearDown" finished-at="2024-09-30T18:33:09 EEST" duration-ms="189" status="PASS">
          <reporter-output>
          </reporter-output>
        </test-method> <!-- tearDown -->
      </class> <!-- facebook.FacebookLoginTest -->
    </test> <!-- Default test -->
  </suite> <!-- Default suite -->
</testng-results>
